<?xml version="1.0" encoding="UTF-8"?>
<!-- Generated by org.testng.reporters.JUnitReportReporter -->
<testsuite hostname="RSJALD" failures="0" tests="1" name="Test.Test1" time="91.879" errors="0" timestamp="2023-01-21T10:51:58 IST" skipped="0">
  <testcase classname="Test.Test1" name="Test" time="91.879"/>
  <system-out/>
</testsuite> <!-- Test.Test1 -->
