<?xml version="1.0" encoding="UTF-8"?>
<!-- Generated by org.testng.reporters.JUnitReportReporter -->
<testsuite hostname="RSJALD" failures="0" tests="5" name="com.RSJald.GoogleSearchTest.AppTest" time="149.791" errors="0" timestamp="2023-01-26T12:27:40 IST" skipped="0">
  <testcase classname="com.RSJald.GoogleSearchTest.AppTest" name="searchResult" time="30.486"/>
  <system-out/>
  <testcase classname="com.RSJald.GoogleSearchTest.AppTest" name="searchResult2" time="30.177"/>
  <system-out/>
  <testcase classname="com.RSJald.GoogleSearchTest.AppTest" name="searchResult1" time="22.953"/>
  <system-out/>
  <testcase classname="com.RSJald.GoogleSearchTest.AppTest" name="searchResult" time="48.859"/>
  <system-out/>
  <testcase classname="com.RSJald.GoogleSearchTest.AppTest" name="searchResult1" time="17.316"/>
  <system-out/>
</testsuite> <!-- com.RSJald.GoogleSearchTest.AppTest -->
