<?xml version="1.0" encoding="UTF-8"?>
<!-- Generated by org.testng.reporters.JUnitReportReporter -->
<testsuite hostname="RSJALD" failures="0" tests="3" name="com.RSJald.GoogleSearchTest.AppTest" time="146.559" errors="0" timestamp="2023-01-26T12:40:56 IST" skipped="0">
  <testcase classname="com.RSJald.GoogleSearchTest.AppTest" name="searchResult1" time="23.922"/>
  <system-out/>
  <testcase classname="com.RSJald.GoogleSearchTest.AppTest" name="searchResult" time="61.316"/>
  <system-out/>
  <testcase classname="com.RSJald.GoogleSearchTest.AppTest" name="searchResult" time="61.321"/>
  <system-out/>
</testsuite> <!-- com.RSJald.GoogleSearchTest.AppTest -->
