<?xml version="1.0" encoding="UTF-8"?>
<!-- Generated by org.testng.reporters.JUnitReportReporter -->
<testsuite hostname="RSJALD" failures="0" tests="1" name="com.RSJald.GoogleSearchTest.AppTest" time="67.629" errors="0" timestamp="2023-01-26T11:44:48 IST" skipped="0">
  <testcase classname="com.RSJald.GoogleSearchTest.AppTest" name="searchResult" time="67.629"/>
  <system-out/>
</testsuite> <!-- com.RSJald.GoogleSearchTest.AppTest -->
